<?xml version="1.0" encoding="UTF-8"?>
<testsuite xmlns:xsi="http://www.w3.org/2001/XMLSchema-instance" xsi:noNamespaceSchemaLocation="https://maven.apache.org/surefire/maven-surefire-plugin/xsd/surefire-test-report-3.0.xsd" version="3.0" name="com.testproject.blogapp.BlogAppApplicationTests" time="27.479" tests="1" errors="0" skipped="0" failures="0">
  <properties>
[...]
</properties>
  <testcase name="contextLoads" classname="com.testproject.blogapp.BlogAppApplicationTests" time="0.587">
    <system-out><![CDATA[16:21:17.788 [main] INFO org.springframework.test.context.support.AnnotationConfigContextLoaderUtils -- Could not detect default configuration classes for test class [com.testproject.blogapp.BlogAppApplicationTests]: BlogAppApplicationTests does not declare any static, non-private, non-final, nested classes annotated with @Configuration.
16:21:18.018 [main] INFO org.springframework.boot.test.context.SpringBootTestContextBootstrapper -- Found @SpringBootConfiguration com.testproject.blogapp.BlogAppApplication for test class com.testproject.blogapp.BlogAppApplicationTests

  .   ____          _            __ _ _
 /\\ / ___'_ __ _ _(_)_ __  __ _ \ \ \ \
( ( )\___ | '_ | '_| | '_ \/ _` | \ \ \ \
 \\/  ___)| |_)| | | | | || (_| |  ) ) ) )
  '  |____| .__|_| |_|_| |_\__, | / / / /
 =========|_|==============|___/=/_/_/_/
 :: Spring Boot ::                (v3.1.3)

2024-02-28T16:21:18.840+05:30  INFO 13524 --- [           main] c.t.blogapp.BlogAppApplicationTests      : Starting BlogAppApplicationTests using Java 21.0.1 with PID 13524 (started by kashyap.rajodiya in F:\BlogApp-Springboot-React-blushie\BlogApp-Springboot-React-blushie\blog-app-backend)
2024-02-28T16:21:18.841+05:30  INFO 13524 --- [           main] c.t.blogapp.BlogAppApplicationTests      : No active profile set, falling back to 1 default profile: "default"
2024-02-28T16:21:20.468+05:30  INFO 13524 --- [           main] .s.d.r.c.RepositoryConfigurationDelegate : Bootstrapping Spring Data JPA repositories in DEFAULT mode.
2024-02-28T16:21:20.610+05:30  INFO 13524 --- [           main] .s.d.r.c.RepositoryConfigurationDelegate : Finished Spring Data repository scanning in 110 ms. Found 9 JPA repository interfaces.
2024-02-28T16:21:21.696+05:30  INFO 13524 --- [           main] o.hibernate.jpa.internal.util.LogHelper  : HHH000204: Processing PersistenceUnitInfo [name: default]
2024-02-28T16:21:21.996+05:30  INFO 13524 --- [           main] org.hibernate.Version                    : HHH000412: Hibernate ORM core version 6.2.7.Final
2024-02-28T16:21:22.001+05:30  INFO 13524 --- [           main] org.hibernate.cfg.Environment            : HHH000406: Using bytecode reflection optimizer
2024-02-28T16:21:22.483+05:30  INFO 13524 --- [           main] o.h.b.i.BytecodeProviderInitiator        : HHH000021: Bytecode provider name : bytebuddy
2024-02-28T16:21:22.771+05:30  INFO 13524 --- [           main] o.s.o.j.p.SpringPersistenceUnitInfo      : No LoadTimeWeaver setup: ignoring JPA class transformer
2024-02-28T16:21:22.822+05:30  INFO 13524 --- [           main] com.zaxxer.hikari.HikariDataSource       : HikariPool-1 - Starting...
2024-02-28T16:21:25.671+05:30  INFO 13524 --- [           main] com.zaxxer.hikari.pool.HikariPool        : HikariPool-1 - Added connection org.postgresql.jdbc.PgConnection@4e2cdc51
2024-02-28T16:21:25.673+05:30  INFO 13524 --- [           main] com.zaxxer.hikari.HikariDataSource       : HikariPool-1 - Start completed.
2024-02-28T16:21:26.993+05:30  INFO 13524 --- [           main] o.h.b.i.BytecodeProviderInitiator        : HHH000021: Bytecode provider name : bytebuddy
2024-02-28T16:21:28.335+05:30  INFO 13524 --- [           main] o.h.e.t.j.p.i.JtaPlatformInitiator       : HHH000490: Using JtaPlatform implementation: [org.hibernate.engine.transaction.jta.platform.internal.NoJtaPlatform]
Hibernate: alter table if exists user_entity alter column otp_expiration set data type timestamp(6)
2024-02-28T16:21:41.178+05:30  INFO 13524 --- [           main] j.LocalContainerEntityManagerFactoryBean : Initialized JPA EntityManagerFactory for persistence unit 'default'
2024-02-28T16:21:41.772+05:30  INFO 13524 --- [           main] o.s.d.j.r.query.QueryEnhancerFactory     : Hibernate is in classpath; If applicable, HQL parser will be used.
2024-02-28T16:21:42.674+05:30  WARN 13524 --- [           main] JpaBaseConfiguration$JpaWebConfiguration : spring.jpa.open-in-view is enabled by default. Therefore, database queries may be performed during view rendering. Explicitly configure spring.jpa.open-in-view to disable this warning
2024-02-28T16:21:42.878+05:30  INFO 13524 --- [           main] o.s.s.web.DefaultSecurityFilterChain     : Will secure any request with [org.springframework.security.web.session.DisableEncodeUrlFilter@18f919ce, org.springframework.security.web.session.ForceEagerSessionCreationFilter@4dea763c, org.springframework.security.web.context.request.async.WebAsyncManagerIntegrationFilter@26f50a28, org.springframework.security.web.context.SecurityContextHolderFilter@14d43f13, org.springframework.security.web.header.HeaderWriterFilter@7d412ab5, org.springframework.web.filter.CorsFilter@3d41881, org.springframework.security.web.authentication.logout.LogoutFilter@13835bdc, com.testproject.blogapp.config.JwtAuthenticationFilter@49231d79, org.springframework.security.web.savedrequest.RequestCacheAwareFilter@748015f8, org.springframework.security.web.servletapi.SecurityContextHolderAwareRequestFilter@140e003e, org.springframework.security.web.authentication.AnonymousAuthenticationFilter@111ae918, org.springframework.security.web.session.SessionManagementFilter@6cf47d05, org.springframework.security.web.access.ExceptionTranslationFilter@45382749, org.springframework.security.web.access.intercept.AuthorizationFilter@71549247]
2024-02-28T16:21:43.603+05:30  INFO 13524 --- [           main] c.t.blogapp.BlogAppApplicationTests      : Started BlogAppApplicationTests in 25.261 seconds (process running for 26.913)
Hibernate: select u1_0.id,u1_0.email,u1_0.name,u1_0.otp,u1_0.otp_expiration,u1_0.password,u1_0.role,u1_0.status from user_entity u1_0 where u1_0.email=?
]]></system-out>
    <system-err><![CDATA[WARNING: A Java agent has been loaded dynamically (E:\maven\apache-maven-3.9.6-bin\apache-maven-3.9.6\repo\net\bytebuddy\byte-buddy-agent\1.14.6\byte-buddy-agent-1.14.6.jar)
WARNING: If a serviceability tool is in use, please run with -XX:+EnableDynamicAgentLoading to hide this warning
WARNING: If a serviceability tool is not in use, please run with -Djdk.instrument.traceUsage for more information
WARNING: Dynamic loading of agents will be disallowed by default in a future release
]]></system-err>
  </testcase>
</testsuite>